build/app/outputs/mapping/release/seeds.txt
androidx.window.area.reflectionguard.WindowAreaComponentApi2Requirements: void startRearDisplaySession(android.app.Activity,androidx.window.extensions.core.util.function.Consumer)
androidx.core.graphics.drawable.DrawableCompat$Api23Impl: boolean setLayoutDirection(android.graphics.drawable.Drawable,int)
io.flutter.embedding.engine.FlutterJNI: void init(android.content.Context,java.lang.String[],java.lang.String,java.lang.String,java.lang.String,long)
androidx.core.view.ViewCompat$Api30Impl: void setImportantForContentCapture(android.view.View,int)
androidx.appcompat.widget.SwitchCompat: android.graphics.PorterDuff$Mode getTrackTintMode()
androidx.core.widget.NestedScrollView: float getVerticalScrollFactorCompat()
androidx.core.widget.NestedScrollView: int getNestedScrollAxes()
io.flutter.embedding.engine.FlutterJNI: void nativeCleanupMessageData(long)
io.flutter.embedding.engine.systemchannels.PlatformViewsChannel$PlatformViewCreationRequest$RequestedDisplayMode: io.flutter.embedding.engine.systemchannels.PlatformViewsChannel$PlatformViewCreationRequest$RequestedDisplayMode valueOf(java.lang.String)
androidx.appcompat.widget.SearchView: int getSuggestionCommitIconResId()
androidx.core.app.NotificationCompatBuilder$Api20Impl: android.app.Notification$Action$Builder createBuilder(int,java.lang.CharSequence,android.app.PendingIntent)
androidx.core.app.NotificationCompatBuilder$Api24Impl: android.app.Notification$Builder setCustomHeadsUpContentView(android.app.Notification$Builder,android.widget.RemoteViews)
io.flutter.view.AccessibilityViewEmbedder: android.view.View platformViewOfNode(int)
androidx.core.graphics.drawable.IconCompat$Api23Impl: android.graphics.drawable.Drawable loadDrawable(android.graphics.drawable.Icon,android.content.Context)
androidx.core.app.NotificationCompatBuilder$Api20Impl: android.app.Notification$Action build(android.app.Notification$Action$Builder)
androidx.lifecycle.LifecycleDispatcher$DispatcherActivityCallback: void onActivityCreated(android.app.Activity,android.os.Bundle)
androidx.core.view.WindowInsetsCompat$BuilderImpl20: WindowInsetsCompat$BuilderImpl20()
io.flutter.plugins.urllauncher.WebViewActivity: WebViewActivity()
androidx.appcompat.widget.SwitchCompat: void setChecked(boolean)
androidx.fragment.app.FragmentContainerView: void setDrawDisappearingViewsLast(boolean)
androidx.window.area.reflectionguard.ExtensionWindowAreaPresentationRequirements: void setPresentationView(android.view.View)
androidx.core.view.ViewCompat$Api26Impl: void setFocusedByDefault(android.view.View,boolean)
androidx.core.view.ViewCompat$Api21Impl: float getElevation(android.view.View)
androidx.core.view.ViewCompat$Api29Impl: void setSystemGestureExclusionRects(android.view.View,java.util.List)
androidx.appcompat.widget.AppCompatAutoCompleteTextView: void setSupportBackgroundTintMode(android.graphics.PorterDuff$Mode)
androidx.lifecycle.EmptyActivityLifecycleCallbacks: void onActivityStopped(android.app.Activity)
androidx.core.app.ActivityCompat$Api23Impl: boolean shouldShowRequestPermissionRationale(android.app.Activity,java.lang.String)
io.flutter.view.TextureRegistry$SurfaceTextureEntry: long id()
androidx.core.app.RemoteActionCompat: RemoteActionCompat()
io.flutter.embedding.engine.mutatorsstack.FlutterMutatorsStack: java.util.List getFinalClippingPaths()
androidx.appcompat.widget.SwitchCompat: void setTextOff(java.lang.CharSequence)
androidx.appcompat.widget.Toolbar: int getTitleMarginTop()
io.flutter.embedding.android.FlutterView: android.view.accessibility.AccessibilityNodeProvider getAccessibilityNodeProvider()
androidx.core.app.NotificationCompatBuilder$Api26Impl: android.app.Notification$Builder setGroupAlertBehavior(android.app.Notification$Builder,int)
androidx.core.view.WindowInsetsCompat$Impl20: void setOverriddenInsets(androidx.core.graphics.Insets[])
androidx.core.view.WindowInsetsCompat$Impl29: void setStableInsets(androidx.core.graphics.Insets)