build/app/outputs/mapping/release/mapping.txt
# compiler: R8
# compiler_version: 8.1.56
# min_api: 21
# common_typos_disable
# {"id":"com.android.tools.r8.mapping","version":"2.2"}
# pg_map_id: c30f2dd
# pg_map_hash: SHA-256 c30f2ddfea1716624977262001dfbd82239f083ea3bb6f7f7a93d197fa57cf6c
...
androidx.datastore.preferences.protobuf.Parser -> androidx.datastore.preferences.protobuf.w0:
androidx.datastore.preferences.protobuf.Protobuf -> androidx.datastore.preferences.protobuf.x0:
    androidx.datastore.preferences.protobuf.SchemaFactory schemaFactory -> a
    java.util.concurrent.ConcurrentMap schemaCache -> b
    androidx.datastore.preferences.protobuf.Protobuf INSTANCE -> c
    24:25:androidx.datastore.preferences.protobuf.Schema androidx.datastore.preferences.protobuf.ManifestSchemaFactory.createSchema(java.lang.Class):0:0 -> a
    24:25:androidx.datastore.preferences.protobuf.Schema schemaFor(java.lang.Class):0 -> a
      # {"id":"com.android.tools.r8.residualsignature","signature":"(Ljava/lang/Class;)Landroidx/datastore/preferences/protobuf/a1;"}
    26:52:void androidx.datastore.preferences.protobuf.SchemaUtil.requireGeneratedMessage(java.lang.Class):0:0 -> a
    26:52:androidx.datastore.preferences.protobuf.Schema androidx.datastore.preferences.protobuf.ManifestSchemaFactory.createSchema(java.lang.Class):0 -> a
    26:52:androidx.datastore.preferences.protobuf.Schema schemaFor(java.lang.Class):0 -> a
    53:61:androidx.datastore.preferences.protobuf.Schema androidx.datastore.preferences.protobuf.ManifestSchemaFactory.createSchema(java.lang.Class):0:0 -> a
    53:61:androidx.datastore.preferences.protobuf.Schema schemaFor(java.lang.Class):0 -> a
    62:76:boolean androidx.datastore.preferences.protobuf.RawMessageInfo.isMessageSetWireFormat():0:0 -> a
androidx.datastore.preferences.protobuf.ProtobufArrayList -> androidx.datastore.preferences.protobuf.y0:
    java.lang.Object[] array -> f
    int size -> g
    androidx.datastore.preferences.protobuf.ProtobufArrayList EMPTY_LIST -> h
    1:1:java.lang.Object[] createArray(int):0:0 -> add
    1:1:void add(int,java.lang.Object):0 -> add
    2:2:void add(int,java.lang.Object):0:0 -> add
    3:3:java.lang.String makeOutOfBoundsExceptionMessage(int):0:0 -> add
    3:3:void add(int,java.lang.Object):0 -> add
    4:4:void add(int,java.lang.Object):0:0 -> add
    5:5:boolean add(java.lang.Object):0:0 -> add
    10:33:java.lang.String makeOutOfBoundsExceptionMessage(int):0:0 -> b
    10:33:void ensureIndexInRange(int):0 -> b
    34:37:void ensureIndexInRange(int):0:0 -> b
    1:25:androidx.datastore.preferences.protobuf.ProtobufArrayList mutableCopyWithCapacity(int):0:0 -> c
    1:25:androidx.datastore.preferences.protobuf.Internal$ProtobufList mutableCopyWithCapacity(int):0 -> c
      # {"id":"com.android.tools.r8.residualsignature","signature":"(I)Landroidx/datastore/preferences/protobuf/y0;"}
androidx.datastore.preferences.protobuf.RawMessageInfo -> androidx.datastore.preferences.protobuf.z0:
    androidx.datastore.preferences.protobuf.MessageLite defaultInstance -> a
    java.lang.String info -> b
    java.lang.Object[] objects -> c
    int flags -> d
    1:1:void <init>(androidx.datastore.preferences.protobuf.MessageLite,java.lang.String,java.lang.Object[]):0:0 -> <init>
      # {"id":"com.android.tools.r8.residualsignature","signature":"(Landroidx/datastore/preferences/protobuf/a0;Ljava/lang/String;[Ljava/lang/Object;)V"}
    1:1:androidx.datastore.preferences.protobuf.MessageLite getDefaultInstance():0:0 -> a
      # {"id":"com.android.tools.r8.residualsignature","signature":"()Landroidx/datastore/preferences/protobuf/b;"}
    1:1:java.lang.Object[] getObjects():0:0 -> b
    1:1:java.lang.String getStringInfo():0:0 -> c
    1:1:androidx.datastore.preferences.protobuf.ProtoSyntax getSyntax():0:0 -> d
      # {"id":"com.android.tools.r8.residualsignature","signature":"()I"}