build/app/outputs/mapping/release/usage.txt
okio.SegmentedByteString:
    public java.nio.ByteBuffer asByteBuffer()
    public java.lang.String base64()
    public java.lang.String base64Url()
    public void copyInto(int,byte[],int,int)
    public okio.ByteString digest$okio(java.lang.String)
    public okio.ByteString hmac$okio(java.lang.String,okio.ByteString)
    public java.lang.String string(java.nio.charset.Charset)
    public okio.ByteString toAsciiLowercase()
    public okio.ByteString toAsciiUppercase()
    public void write(java.io.OutputStream)
    private final java.lang.Object writeReplace()
okio.Sink:
    public abstract okio.Timeout timeout()
okio.SocketAsyncTimeout
okio.Source:
    public abstract okio.Timeout timeout()
okio.Throttler$sink$1
okio.Throttler$source$1
okio.Throttler
okio.Timeout$Companion$NONE$1:
    public okio.Timeout deadlineNanoTime(long)
    public okio.Timeout timeout(long,java.util.concurrent.TimeUnit)
okio.Timeout$Companion:
    public final long minTimeout(long,long)
okio.Timeout:
    private long deadlineNanoTime
    private boolean hasDeadline
    private long timeoutNanos
    public final void awaitSignal(java.util.concurrent.locks.Condition)
    public okio.Timeout clearDeadline()
    public okio.Timeout clearTimeout()
    public final okio.Timeout deadline(long,java.util.concurrent.TimeUnit)
    public long deadlineNanoTime()
    public okio.Timeout deadlineNanoTime(long)
    public boolean hasDeadline()
    public final java.lang.Object intersectWith(okio.Timeout,kotlin.jvm.functions.Function0)
    public okio.Timeout timeout(long,java.util.concurrent.TimeUnit)
    public long timeoutNanos()
    public final void waitUntilNotified(java.lang.Object)
okio.Utf8
okio.ZipFileSystem$Companion:
    public final okio.Path getROOT()
okio.ZipFileSystem:
    public static final synthetic okio.Path access$getROOT$cp()
    public okio.Sink appendingSink(okio.Path,boolean)
    public okio.Path canonicalize(okio.Path)
    public void createSymlink(okio.Path,okio.Path)
    public java.util.List list(okio.Path)
    private final java.util.List list(okio.Path,boolean)
    public java.util.List listOrNull(okio.Path)
    public okio.Sink sink(okio.Path,boolean)
okio._JvmPlatformKt:
    public static final java.lang.Object withLock(java.util.concurrent.locks.ReentrantLock,kotlin.jvm.functions.Function0)
okio.internal.-Buffer
okio.internal.-ByteString:
    public static final synthetic int access$decodeHexDigit(char)
    public static final java.lang.String commonBase64(okio.ByteString)
    public static final java.lang.String commonBase64Url(okio.ByteString)
    public static final int commonCompareTo(okio.ByteString,okio.ByteString)
    public static final void commonCopyInto(okio.ByteString,int,byte[],int,int)
    public static final okio.ByteString commonDecodeBase64(java.lang.String)
    public static final okio.ByteString commonDecodeHex(java.lang.String)
    public static final okio.ByteString commonEncodeUtf8(java.lang.String)
    public static final boolean commonEndsWith(okio.ByteString,okio.ByteString)
    public static final boolean commonEndsWith(okio.ByteString,byte[])
    public static final boolean commonEquals(okio.ByteString,java.lang.Object)
    public static final byte commonGetByte(okio.ByteString,int)
    public static final int commonGetSize(okio.ByteString)
    public static final int commonHashCode(okio.ByteString)
    public static final java.lang.String commonHex(okio.ByteString)
    public static final int commonIndexOf(okio.ByteString,byte[],int)
    public static final byte[] commonInternalArray(okio.ByteString)
    public static final int commonLastIndexOf(okio.ByteString,okio.ByteString,int)
    public static final int commonLastIndexOf(okio.ByteString,byte[],int)
    public static final okio.ByteString commonOf(byte[])
okio.internal.-FileSystem$collectRecursively$1
okio.internal.-FileSystem$commonDeleteRecursively$sequence$1
okio.internal.-FileSystem$commonListRecursively$1